<?xml version="1.0" encoding="UTF-8"?>
<!-- Generated by org.testng.reporters.JUnitXMLReporter -->
<testsuite ignored="0" hostname="DESKTOP-L46HBGL" failures="0" tests="4" name="Test" time="0.049" errors="0" timestamp="2024-09-21T13:45:48 IST">
  <testcase classname="testng1.Testng_priorityetc" name="D" time="0.006"/>
  <testcase classname="testng1.Testng_priorityetc" name="A" time="0.001"/>
  <testcase classname="testng1.Testng_priorityetc" name="C" time="0.001"/>
  <testcase classname="testng1.Testng_priorityetc" name="B" time="0.001"/>
</testsuite> <!-- Test -->
